  "type": "CompilationUnit",
    "type": "TopStatSeq",
        "type": "ImportStatement",
            "type": "ImportExpr",
              "type": "StableId",
                  "type": "Identifier",
                  "type": "Identifier",
                  "type": "Identifier",
        "type": "TopStat",
          "type": "TmplDef",
              "type": "Keyword",
            "type": "ObjectDef",
              "type": "Identifier",
              "type": "ClassTemplateOpt",
                "type": "TemplateBody",
                "selftype": null,
                    "type": "TemplateStatement",
                      "type": "Definition",
                        "type": "Keyword",
                        "type": "Procedure",
                          "type": "FunctionSignature",
                            "type": "Identifier",
                          "funtype": null,
                            "type": "ParamClauses",
                                "type": "ParamClause",
                          "type": "Block",
                              "type": "Empty",
                              "type": "PostfixExpr",
                                "type": "InfixExpression",
                                  "type": "PrefixExpression",
                                    "type": "SimpleExpr",
                                      "type": "idSeqSimpleExpression",
                                        "type": "Identifier",
                                        "type": "FunctionApplicationPostfix",
                                          "type": "ArgumentExprs",
                                            "type": "Exprs",
                                                "type": "PostfixExpr",
                                                  "type": "InfixExpression",
                                                    "type": "PrefixExpression",
                                                      "type": "SimpleExpr",
                                                        "type": "literalSimpleExpression",
                                                          "type": "stringLiteral",
                                                          "type": "Empty",
                                                "type": "PostfixExpr",
                                                  "type": "InfixExpression",
                                                    "type": "PrefixExpression",
                                                      "type": "SimpleExpr",
                                                        "type": "idSeqSimpleExpression",
                                                          "type": "Identifier",
                                                          "type": "Empty",
                                                      "type": "Identifier",
                                                      "type": "InfixExpression",
                                                        "type": "PrefixExpression",
                                                          "type": "SimpleExpr",
                                                            "type": "idSeqSimpleExpression",
                                                              "type": "Identifier",
                                                              "type": "Empty",
                                          "type": "Empty",
                    "type": "Empty",
        "type": "Empty",
